<?xml version="1.0" encoding="UTF-8"?>
<testng-results ignored="0" total="1" passed="1" failed="0" skipped="0">
  <reporter-output>
  </reporter-output>
  <suite started-at="2022-07-22T11:03:02 IST" name="Suite" finished-at="2022-07-22T11:03:16 IST" duration-ms="13532">
    <groups>
    </groups>
    <test started-at="2022-07-22T11:03:02 IST" name="Test" finished-at="2022-07-22T11:03:16 IST" duration-ms="13532">
      <class name="practice.uitest">
        <test-method is-config="true" signature="launchApp()[pri:0, instance:practice.uitest@55b53d44]" started-at="2022-07-22T11:03:02 IST" name="launchApp" finished-at="2022-07-22T11:03:10 IST" duration-ms="7237" status="PASS">
          <reporter-output>
          </reporter-output>
        </test-method> <!-- launchApp -->
        <test-method signature="uitestopen()[pri:0, instance:practice.uitest@55b53d44]" started-at="2022-07-22T11:03:10 IST" name="uitestopen" finished-at="2022-07-22T11:03:12 IST" duration-ms="2091" status="PASS">
          <reporter-output>
          </reporter-output>
        </test-method> <!-- uitestopen -->
        <test-method is-config="true" signature="closeApp()[pri:0, instance:practice.uitest@55b53d44]" started-at="2022-07-22T11:03:12 IST" name="closeApp" finished-at="2022-07-22T11:03:16 IST" duration-ms="4135" status="PASS">
          <reporter-output>
          </reporter-output>
        </test-method> <!-- closeApp -->
      </class> <!-- practice.uitest -->
    </test> <!-- Test -->
  </suite> <!-- Suite -->
</testng-results>
