<?xml version="1.0" encoding="UTF-8"?>
<testng-results ignored="0" total="1" passed="1" failed="0" skipped="0">
  <reporter-output>
  </reporter-output>
  <suite started-at="2022-07-22T11:01:59 IST" name="Suite" finished-at="2022-07-22T11:02:12 IST" duration-ms="13144">
    <groups>
    </groups>
    <test started-at="2022-07-22T11:01:59 IST" name="Test" finished-at="2022-07-22T11:02:12 IST" duration-ms="13144">
      <class name="practice.uitest">
        <test-method is-config="true" signature="launchApp()[pri:0, instance:practice.uitest@71a8adcf]" started-at="2022-07-22T11:01:59 IST" name="launchApp" finished-at="2022-07-22T11:02:06 IST" duration-ms="6794" status="PASS">
          <reporter-output>
          </reporter-output>
        </test-method> <!-- launchApp -->
        <test-method signature="uitestopen()[pri:0, instance:practice.uitest@71a8adcf]" started-at="2022-07-22T11:02:06 IST" name="uitestopen" finished-at="2022-07-22T11:02:08 IST" duration-ms="2112" status="PASS">
          <reporter-output>
          </reporter-output>
        </test-method> <!-- uitestopen -->
        <test-method is-config="true" signature="closeApp()[pri:0, instance:practice.uitest@71a8adcf]" started-at="2022-07-22T11:02:08 IST" name="closeApp" finished-at="2022-07-22T11:02:12 IST" duration-ms="4140" status="PASS">
          <reporter-output>
          </reporter-output>
        </test-method> <!-- closeApp -->
      </class> <!-- practice.uitest -->
    </test> <!-- Test -->
  </suite> <!-- Suite -->
</testng-results>
